#
# There is insufficient memory for the Java Runtime Environment to continue.
# Native memory allocation (mmap) failed to map 65536 bytes for Failed to commit metaspace.
# Possible reasons:
#   The system is out of physical RAM or swap space
#   The process is running with CompressedOops enabled, and the Java Heap may be blocking the growth of the native heap
# Possible solutions:
#   Reduce memory load on the system
#   Increase physical memory or swap space
#   Check if swap backing store is full
#   Decrease Java heap size (-Xmx/-Xms)
#   Decrease number of Java threads
#   Decrease Java thread stack sizes (-Xss)
#   Set larger code cache with -XX:ReservedCodeCacheSize=
#   JVM is running with Unscaled Compressed Oops mode in which the Java heap is
#     placed in the first 4GB address space. The Java Heap base address is the
#     maximum limit for the native heap growth. Please use -XX:HeapBaseMinAddress
#     to set the Java Heap base and to place the Java Heap above 4GB virtual address.
# This output file may be truncated or incomplete.
#
#  Out of Memory Error (virtualSpaceNode.cpp:110), pid=25932, tid=25328
#
# JRE version: OpenJDK Runtime Environment Temurin-17.0.5+8 (17.0.5+8) (build 17.0.5+8)
# Java VM: OpenJDK 64-Bit Server VM Temurin-17.0.5+8 (17.0.5+8, mixed mode, emulated-client, tiered, compressed oops, compressed class ptrs, g1 gc, windows-amd64)
# No core dump will be written. Minidumps are not enabled by default on client versions of Windows
#

---------------  S U M M A R Y ------------

Command Line: -Dcom.sun.management.jmxremote -Dcom.sun.management.jmxremote.port=61400 -Dcom.sun.management.jmxremote.authenticate=false -Dcom.sun.management.jmxremote.ssl=false -Djava.rmi.server.hostname=localhost -Dspring.jmx.enabled=true -Dmanagement.endpoints.jmx.exposure.include=* -Dspring.application.admin.enabled=true -XX:TieredStopAtLevel=1 -Dspring.boot.project.name=health_management_system -Dfile.encoding=UTF-8 -XX:+ShowCodeDetailsInExceptionMessages health.HealthManagementSystemApplication --spring.output.ansi.enabled=always

Host: AMD Ryzen 5 5625U with Radeon Graphics         , 12 cores, 7G,  Windows 11 , 64 bit Build 22621 (10.0.22621.1485)
Time: Sun Apr 30 22:26:13 2023 Eastern Daylight Time elapsed time: 6.581863 seconds (0d 0h 0m 6s)

---------------  T H R E A D  ---------------

Current thread (0x0000014d11f332b0):  JavaThread "restartedMain" [_thread_in_vm, id=25328, stack(0x000000384d400000,0x000000384d500000)]

Stack: [0x000000384d400000,0x000000384d500000]
Native frames: (J=compiled Java code, j=interpreted, Vv=VM code, C=native code)
V  [jvm.dll+0x676b3a]
V  [jvm.dll+0x831444]
V  [jvm.dll+0x832bee]
V  [jvm.dll+0x833253]
V  [jvm.dll+0x244ce5]
V  [jvm.dll+0x82d4db]
V  [jvm.dll+0x61b2f6]
V  [jvm.dll+0x1bfd2e]
V  [jvm.dll+0x61dc41]
V  [jvm.dll+0x61bc96]
V  [jvm.dll+0x239811]
V  [jvm.dll+0x1e9a70]
V  [jvm.dll+0x1e9ef5]
V  [jvm.dll+0x1ea92f]
V  [jvm.dll+0x1dfdd1]
V  [jvm.dll+0x53be30]
V  [jvm.dll+0x7ac5a8]
V  [jvm.dll+0x7ac694]
V  [jvm.dll+0x40ba25]
V  [jvm.dll+0x411bb8]
C  [java.dll+0x17ec]

Java frames: (J=compiled Java code, j=interpreted, Vv=VM code)
J 1159  java.lang.ClassLoader.defineClass1(Ljava/lang/ClassLoader;Ljava/lang/String;[BIILjava/security/ProtectionDomain;Ljava/lang/String;)Ljava/lang/Class; java.base@17.0.5 (0 bytes) @ 0x0000014d067fa6db [0x0000014d067fa620+0x00000000000000bb]
j  java.lang.System$2.defineClass(Ljava/lang/ClassLoader;Ljava/lang/String;[BLjava/security/ProtectionDomain;Ljava/lang/String;)Ljava/lang/Class;+10 java.base@17.0.5
j  java.lang.reflect.Proxy$ProxyBuilder.defineProxyClass(Ljava/lang/Module;Ljava/util/List;)Ljava/lang/Class;+398 java.base@17.0.5
j  java.lang.reflect.Proxy$ProxyBuilder.build()Ljava/lang/reflect/Constructor;+8 java.base@17.0.5
j  java.lang.reflect.Proxy.lambda$getProxyConstructor$1(Ljava/lang/ClassLoader;Ljdk/internal/loader/AbstractClassLoaderValue$Sub;)Ljava/lang/reflect/Constructor;+15 java.base@17.0.5
j  java.lang.reflect.Proxy$$Lambda$245+0x00000001001d7ea8.apply(Ljava/lang/Object;Ljava/lang/Object;)Ljava/lang/Object;+8 java.base@17.0.5
j  jdk.internal.loader.AbstractClassLoaderValue$Memoizer.get()Ljava/lang/Object;+75 java.base@17.0.5
J 2388 c1 jdk.internal.loader.AbstractClassLoaderValue.computeIfAbsent(Ljava/lang/ClassLoader;Ljava/util/function/BiFunction;)Ljava/lang/Object; java.base@17.0.5 (113 bytes) @ 0x0000014d06a688f4 [0x0000014d06a68620+0x00000000000002d4]
J 2472 c1 java.lang.reflect.Proxy.getProxyConstructor(Ljava/lang/Class;Ljava/lang/ClassLoader;[Ljava/lang/Class;)Ljava/lang/reflect/Constructor; java.base@17.0.5 (92 bytes) @ 0x0000014d06a97e5c [0x0000014d06a97c40+0x000000000000021c]
J 2471 c1 java.lang.reflect.Proxy.newProxyInstance(Ljava/lang/ClassLoader;[Ljava/lang/Class;Ljava/lang/reflect/InvocationHandler;)Ljava/lang/Object; java.base@17.0.5 (35 bytes) @ 0x0000014d06a96bd4 [0x0000014d06a96b60+0x0000000000000074]
j  org.springframework.aop.framework.JdkDynamicAopProxy.getProxy(Ljava/lang/ClassLoader;)Ljava/lang/Object;+37
j  org.springframework.aop.framework.ProxyFactory.getProxy(Ljava/lang/ClassLoader;)Ljava/lang/Object;+5
j  org.springframework.data.repository.core.support.RepositoryFactorySupport.getRepository(Ljava/lang/Class;Lorg/springframework/data/repository/core/support/RepositoryComposition$RepositoryFragments;)Ljava/lang/Object;+447
j  org.springframework.data.repository.core.support.RepositoryFactoryBeanSupport.lambda$afterPropertiesSet$5(Lorg/springframework/data/repository/core/support/RepositoryComposition$RepositoryFragments;)Lorg/springframework/data/repository/Repository;+9
j  org.springframework.data.repository.core.support.RepositoryFactoryBeanSupport$$Lambda$1056+0x0000000100801690.get()Ljava/lang/Object;+8
J 4653 c1 org.springframework.data.util.Lazy.get()Ljava/lang/Object; (21 bytes) @ 0x0000014d06df0b1c [0x0000014d06df0ac0+0x000000000000005c]
j  org.springframework.data.repository.core.support.RepositoryFactoryBeanSupport.afterPropertiesSet()V+232
j  org.springframework.data.jpa.repository.support.JpaRepositoryFactoryBean.afterPropertiesSet()V+18
j  org.springframework.beans.factory.support.AbstractAutowireCapableBeanFactory.invokeInitMethods(Ljava/lang/String;Ljava/lang/Object;Lorg/springframework/beans/factory/support/RootBeanDefinition;)V+56
j  org.springframework.beans.factory.support.AbstractAutowireCapableBeanFactory.initializeBean(Ljava/lang/String;Ljava/lang/Object;Lorg/springframework/beans/factory/support/RootBeanDefinition;)Ljava/lang/Object;+34
j  org.springframework.beans.factory.support.AbstractAutowireCapableBeanFactory.doCreateBean(Ljava/lang/String;Lorg/springframework/beans/factory/support/RootBeanDefinition;[Ljava/lang/Object;)Ljava/lang/Object;+228
j  org.springframework.beans.factory.support.AbstractAutowireCapableBeanFactory.createBean(Ljava/lang/String;Lorg/springframework/beans/factory/support/RootBeanDefinition;[Ljava/lang/Object;)Ljava/lang/Object;+153
j  org.springframework.beans.factory.support.AbstractBeanFactory.lambda$doGetBean$0(Ljava/lang/String;Lorg/springframework/beans/factory/support/RootBeanDefinition;[Ljava/lang/Object;)Ljava/lang/Object;+4
j  org.springframework.beans.factory.support.AbstractBeanFactory$$Lambda$367+0x00000001002dcf30.getObject()Ljava/lang/Object;+16
j  org.springframework.beans.factory.support.DefaultSingletonBeanRegistry.getSingleton(Ljava/lang/String;Lorg/springframework/beans/factory/ObjectFactory;)Ljava/lang/Object;+114
J 2594 c1 org.springframework.beans.factory.support.AbstractBeanFactory.doGetBean(Ljava/lang/String;Ljava/lang/Class;[Ljava/lang/Object;Z)Ljava/lang/Object; (714 bytes) @ 0x0000014d06acacec [0x0000014d06aca740+0x00000000000005ac]
j  org.springframework.beans.factory.support.AbstractBeanFactory.getBean(Ljava/lang/String;)Ljava/lang/Object;+5
j  org.springframework.beans.factory.config.DependencyDescriptor.resolveCandidate(Ljava/lang/String;Ljava/lang/Class;Lorg/springframework/beans/factory/BeanFactory;)Ljava/lang/Object;+2
j  org.springframework.beans.factory.support.DefaultListableBeanFactory.doResolveDependency(Lorg/springframework/beans/factory/config/DependencyDescriptor;Ljava/lang/String;Ljava/util/Set;Lorg/springframework/beans/TypeConverter;)Ljava/lang/Object;+444
j  org.springframework.beans.factory.support.DefaultListableBeanFactory.resolveDependency(Lorg/springframework/beans/factory/config/DependencyDescriptor;Ljava/lang/String;Ljava/util/Set;Lorg/springframework/beans/TypeConverter;)Ljava/lang/Object;+107
j  org.springframework.beans.factory.annotation.AutowiredAnnotationBeanPostProcessor$AutowiredFieldElement.resolveFieldValue(Ljava/lang/reflect/Field;Ljava/lang/Object;Ljava/lang/String;)Ljava/lang/Object;+81
j  org.springframework.beans.factory.annotation.AutowiredAnnotationBeanPostProcessor$AutowiredFieldElement.inject(Ljava/lang/Object;Ljava/lang/String;Lorg/springframework/beans/PropertyValues;)V+53
j  org.springframework.beans.factory.annotation.InjectionMetadata.inject(Ljava/lang/Object;Ljava/lang/String;Lorg/springframework/beans/PropertyValues;)V+68
j  org.springframework.beans.factory.annotation.AutowiredAnnotationBeanPostProcessor.postProcessProperties(Lorg/springframework/beans/PropertyValues;Ljava/lang/Object;Ljava/lang/String;)Lorg/springframework/beans/PropertyValues;+17
j  org.springframework.beans.factory.support.AbstractAutowireCapableBeanFactory.populateBean(Ljava/lang/String;Lorg/springframework/beans/factory/support/RootBeanDefinition;Lorg/springframework/beans/BeanWrapper;)V+280
j  org.springframework.beans.factory.support.AbstractAutowireCapableBeanFactory.doCreateBean(Ljava/lang/String;Lorg/springframework/beans/factory/support/RootBeanDefinition;[Ljava/lang/Object;)Ljava/lang/Object;+220
j  org.springframework.beans.factory.support.AbstractAutowireCapableBeanFactory.createBean(Ljava/lang/String;Lorg/springframework/beans/factory/support/RootBeanDefinition;[Ljava/lang/Object;)Ljava/lang/Object;+153
j  org.springframework.beans.factory.support.AbstractBeanFactory.lambda$doGetBean$0(Ljava/lang/String;Lorg/springframework/beans/factory/support/RootBeanDefinition;[Ljava/lang/Object;)Ljava/lang/Object;+4
j  org.springframework.beans.factory.support.AbstractBeanFactory$$Lambda$367+0x00000001002dcf30.getObject()Ljava/lang/Object;+16
j  org.springframework.beans.factory.support.DefaultSingletonBeanRegistry.getSingleton(Ljava/lang/String;Lorg/springframework/beans/factory/ObjectFactory;)Ljava/lang/Object;+114
J 2594 c1 org.springframework.beans.factory.support.AbstractBeanFactory.doGetBean(Ljava/lang/String;Ljava/lang/Class;[Ljava/lang/Object;Z)Ljava/lang/Object; (714 bytes) @ 0x0000014d06acacec [0x0000014d06aca740+0x00000000000005ac]
j  org.springframework.beans.factory.support.AbstractBeanFactory.getBean(Ljava/lang/String;)Ljava/lang/Object;+5
j  org.springframework.beans.factory.support.DefaultListableBeanFactory.preInstantiateSingletons()V+152
j  org.springframework.context.support.AbstractApplicationContext.finishBeanFactoryInitialization(Lorg/springframework/beans/factory/config/ConfigurableListableBeanFactory;)V+130
j  org.springframework.context.support.AbstractApplicationContext.refresh()V+86
j  org.springframework.boot.web.servlet.context.ServletWebServerApplicationContext.refresh()V+1
j  org.springframework.boot.SpringApplication.refresh(Lorg/springframework/context/ConfigurableApplicationContext;)V+1
j  org.springframework.boot.SpringApplication.refreshContext(Lorg/springframework/context/ConfigurableApplicationContext;)V+16
j  org.springframework.boot.SpringApplication.run([Ljava/lang/String;)Lorg/springframework/context/ConfigurableApplicationContext;+101
j  org.springframework.boot.SpringApplication.run([Ljava/lang/Class;[Ljava/lang/String;)Lorg/springframework/context/ConfigurableApplicationContext;+9
j  org.springframework.boot.SpringApplication.run(Ljava/lang/Class;[Ljava/lang/String;)Lorg/springframework/context/ConfigurableApplicationContext;+9
j  health.HealthManagementSystemApplication.main([Ljava/lang/String;)V+3
v  ~StubRoutines::call_stub
j  jdk.internal.reflect.NativeMethodAccessorImpl.invoke0(Ljava/lang/reflect/Method;Ljava/lang/Object;[Ljava/lang/Object;)Ljava/lang/Object;+0 java.base@17.0.5
j  jdk.internal.reflect.NativeMethodAccessorImpl.invoke(Ljava/lang/Object;[Ljava/lang/Object;)Ljava/lang/Object;+133 java.base@17.0.5
j  jdk.internal.reflect.DelegatingMethodAccessorImpl.invoke(Ljava/lang/Object;[Ljava/lang/Object;)Ljava/lang/Object;+6 java.base@17.0.5
j  java.lang.reflect.Method.invoke(Ljava/lang/Object;[Ljava/lang/Object;)Ljava/lang/Object;+59 java.base@17.0.5
j  org.springframework.boot.devtools.restart.RestartLauncher.run()V+42
v  ~StubRoutines::call_stub

---------------  P R O C E S S  ---------------

Threads class SMR info:
_java_thread_list=0x0000014d13b85230, length=29, elements={
0x0000014d02d865c0, 0x0000014d109d4f80, 0x0000014d109d5930, 0x0000014d10a0bc80,
0x0000014d10a0c630, 0x0000014d10a0cfe0, 0x0000014d10a0e6d0, 0x0000014d1142f8b0,
0x0000014d114382b0, 0x0000014d1148a550, 0x0000014d1159fb40, 0x0000014d115a1870,
0x0000014d11607650, 0x0000014d11bde3a0, 0x0000014d11bd24d0, 0x0000014d11bdaaf0,
0x0000014d11f118a0, 0x0000014d11f25860, 0x0000014d11f3caf0, 0x0000014d11f568e0,
0x0000014d11f33780, 0x0000014d11f332b0, 0x0000014d11fd7080, 0x0000014d11f32440,
0x0000014d11f33c50, 0x0000014d11f30290, 0x0000014d11f32910, 0x0000014d11f30760,
0x0000014d11f32de0
}

Java Threads: ( => current thread )
  0x0000014d02d865c0 JavaThread "main" [_thread_blocked, id=37692, stack(0x000000384b200000,0x000000384b300000)]
  0x0000014d109d4f80 JavaThread "Reference Handler" daemon [_thread_blocked, id=17624, stack(0x000000384b900000,0x000000384ba00000)]
  0x0000014d109d5930 JavaThread "Finalizer" daemon [_thread_blocked, id=23976, stack(0x000000384ba00000,0x000000384bb00000)]
  0x0000014d10a0bc80 JavaThread "Signal Dispatcher" daemon [_thread_blocked, id=10284, stack(0x000000384bb00000,0x000000384bc00000)]
  0x0000014d10a0c630 JavaThread "Attach Listener" daemon [_thread_blocked, id=12048, stack(0x000000384bc00000,0x000000384bd00000)]
  0x0000014d10a0cfe0 JavaThread "Service Thread" daemon [_thread_blocked, id=45216, stack(0x000000384bd00000,0x000000384be00000)]
  0x0000014d10a0e6d0 JavaThread "Monitor Deflation Thread" daemon [_thread_blocked, id=15172, stack(0x000000384be00000,0x000000384bf00000)]
  0x0000014d1142f8b0 JavaThread "C1 CompilerThread0" daemon [_thread_blocked, id=38872, stack(0x000000384bf00000,0x000000384c000000)]
  0x0000014d114382b0 JavaThread "Sweeper thread" daemon [_thread_blocked, id=11032, stack(0x000000384c000000,0x000000384c100000)]
  0x0000014d1148a550 JavaThread "Common-Cleaner" daemon [_thread_blocked, id=20888, stack(0x000000384c100000,0x000000384c200000)]
  0x0000014d1159fb40 JavaThread "C1 CompilerThread1" daemon [_thread_blocked, id=31300, stack(0x000000384c200000,0x000000384c300000)]
  0x0000014d115a1870 JavaThread "C1 CompilerThread2" daemon [_thread_blocked, id=28828, stack(0x000000384c300000,0x000000384c400000)]
  0x0000014d11607650 JavaThread "Notification Thread" daemon [_thread_blocked, id=31340, stack(0x000000384c400000,0x000000384c500000)]
  0x0000014d11bde3a0 JavaThread "RMI TCP Accept-0" daemon [_thread_in_native, id=30384, stack(0x000000384c500000,0x000000384c600000)]
  0x0000014d11bd24d0 JavaThread "RMI TCP Accept-61400" daemon [_thread_in_native, id=36436, stack(0x000000384c600000,0x000000384c700000)]
  0x0000014d11bdaaf0 JavaThread "RMI TCP Accept-0" daemon [_thread_in_native, id=13736, stack(0x000000384c700000,0x000000384c800000)]
  0x0000014d11f118a0 JavaThread "RMI TCP Connection(1)-127.0.0.1" daemon [_thread_in_native, id=11608, stack(0x000000384c900000,0x000000384ca00000)]
  0x0000014d11f25860 JavaThread "RMI Scheduler(0)" daemon [_thread_blocked, id=41436, stack(0x000000384ca00000,0x000000384cb00000)]
  0x0000014d11f3caf0 JavaThread "RMI TCP Connection(2)-127.0.0.1" daemon [_thread_in_native, id=19840, stack(0x000000384cb00000,0x000000384cc00000)]
  0x0000014d11f568e0 JavaThread "JMX server connection timeout 22" daemon [_thread_blocked, id=48064, stack(0x000000384cc00000,0x000000384cd00000)]
  0x0000014d11f33780 JavaThread "Thread-0" [_thread_blocked, id=8980, stack(0x000000384d300000,0x000000384d400000)]
=>0x0000014d11f332b0 JavaThread "restartedMain" [_thread_in_vm, id=25328, stack(0x000000384d400000,0x000000384d500000)]
  0x0000014d11fd7080 JavaThread "C1 CompilerThread3" daemon [_thread_blocked, id=24528, stack(0x000000384db00000,0x000000384dc00000)]
  0x0000014d11f32440 JavaThread "mysql-cj-abandoned-connection-cleanup" daemon [_thread_blocked, id=48032, stack(0x000000384d500000,0x000000384d600000)]
  0x0000014d11f33c50 JavaThread "HikariPool-1 housekeeper" daemon [_thread_blocked, id=46776, stack(0x000000384dd00000,0x000000384de00000)]
  0x0000014d11f30290 JavaThread "Catalina-utility-1" [_thread_blocked, id=31700, stack(0x000000384de00000,0x000000384df00000)]
  0x0000014d11f32910 JavaThread "Catalina-utility-2" [_thread_blocked, id=46072, stack(0x000000384df00000,0x000000384e000000)]
  0x0000014d11f30760 JavaThread "container-0" [_thread_blocked, id=732, stack(0x000000384e000000,0x000000384e100000)]
  0x0000014d11f32de0 JavaThread "HikariPool-1 connection adder" daemon [_thread_blocked, id=15056, stack(0x000000384e100000,0x000000384e200000)]

Other Threads:
  0x0000014d109d1950 VMThread "VM Thread" [stack: 0x000000384b800000,0x000000384b900000] [id=42892]
  0x0000014d02dfc0c0 WatcherThread [stack: 0x000000384c800000,0x000000384c900000] [id=42716]
  0x0000014d02ddeb40 GCTaskThread "GC Thread#0" [stack: 0x000000384b300000,0x000000384b400000] [id=47392]
  0x0000014d11fa1da0 GCTaskThread "GC Thread#1" [stack: 0x000000384cd00000,0x000000384ce00000] [id=46400]
  0x0000014d11fa0ad0 GCTaskThread "GC Thread#2" [stack: 0x000000384ce00000,0x000000384cf00000] [id=46768]
  0x0000014d11fa1af0 GCTaskThread "GC Thread#3" [stack: 0x000000384cf00000,0x000000384d000000] [id=34608]
  0x0000014d11fa2050 GCTaskThread "GC Thread#4" [stack: 0x000000384d000000,0x000000384d100000] [id=44612]
  0x0000014d11fa0570 GCTaskThread "GC Thread#5" [stack: 0x000000384d100000,0x000000384d200000] [id=46636]
  0x0000014d11fa0d80 GCTaskThread "GC Thread#6" [stack: 0x000000384d200000,0x000000384d300000] [id=35132]
  0x0000014d11fa0820 GCTaskThread "GC Thread#7" [stack: 0x000000384d600000,0x000000384d700000] [id=30604]
  0x0000014d11fa1030 GCTaskThread "GC Thread#8" [stack: 0x000000384d700000,0x000000384d800000] [id=43436]
  0x0000014d11fa12e0 GCTaskThread "GC Thread#9" [stack: 0x000000384d800000,0x000000384d900000] [id=21932]
  0x0000014d02dee5e0 ConcurrentGCThread "G1 Main Marker" [stack: 0x000000384b400000,0x000000384b500000] [id=16368]
  0x0000014d02df0640 ConcurrentGCThread "G1 Conc#0" [stack: 0x000000384b500000,0x000000384b600000] [id=45800]
  0x0000014d11fa1590 ConcurrentGCThread "G1 Conc#1" [stack: 0x000000384d900000,0x000000384da00000] [id=37852]
  0x0000014d11fa1840 ConcurrentGCThread "G1 Conc#2" [stack: 0x000000384da00000,0x000000384db00000] [id=18996]
  0x0000014d108424c0 ConcurrentGCThread "G1 Refine#0" [stack: 0x000000384b600000,0x000000384b700000] [id=25780]
  0x0000014d10842d80 ConcurrentGCThread "G1 Service" [stack: 0x000000384b700000,0x000000384b800000] [id=46444]

Threads with active compile tasks:

VM state: not at safepoint (normal execution)

VM Mutex/Monitor currently owned by a thread:  ([mutex/lock_event])
[0x0000014d02d80ae0] Metaspace_lock - owner thread: 0x0000014d11f332b0

Heap address: 0x000000008b000000, size: 1872 MB, Compressed Oops mode: 32-bit

CDS archive(s) not mapped
Compressed class space mapped at: 0x0000000100000000-0x0000000140000000, reserved size: 1073741824
Narrow klass base: 0x0000000000000000, Narrow klass shift: 3, Narrow klass range: 0x140000000

GC Precious Log:
 CPUs: 12 total, 12 available
 Memory: 7487M
 Large Page Support: Disabled
 NUMA Support: Disabled
 Compressed Oops: Enabled (32-bit)
 Heap Region Size: 1M
 Heap Min Capacity: 8M
 Heap Initial Capacity: 118M
 Heap Max Capacity: 1872M
 Pre-touch: Disabled
 Parallel Workers: 10
 Concurrent Workers: 3
 Concurrent Refinement Workers: 10
 Periodic GC: Disabled

Heap:
 garbage-first heap   total 59392K, used 44374K [0x000000008b000000, 0x0000000100000000)
  region size 1024K, 25 young (25600K), 4 survivors (4096K)
 Metaspace       used 60981K, committed 61504K, reserved 1105920K
  class space    used 8254K, committed 8512K, reserved 1048576K

Heap Regions: E=young(eden), S=young(survivor), O=old, HS=humongous(starts), HC=humongous(continues), CS=collection set, F=free, OA=open archive, CA=closed archive, TAMS=top-at-mark-start (previous, next)
|   0|0x000000008b000000, 0x000000008b100000, 0x000000008b100000|100%|HS|  |TAMS 0x000000008b100000, 0x000000008b000000| Complete 
|   1|0x000000008b100000, 0x000000008b200000, 0x000000008b200000|100%| O|  |TAMS 0x000000008b200000, 0x000000008b100000| Untracked 
|   2|0x000000008b200000, 0x000000008b300000, 0x000000008b300000|100%| O|  |TAMS 0x000000008b300000, 0x000000008b200000| Untracked 
|   3|0x000000008b300000, 0x000000008b400000, 0x000000008b400000|100%| O|  |TAMS 0x000000008b400000, 0x000000008b300000| Untracked 
|   4|0x000000008b400000, 0x000000008b500000, 0x000000008b500000|100%| O|  |TAMS 0x000000008b500000, 0x000000008b400000| Untracked 
|   5|0x000000008b500000, 0x000000008b600000, 0x000000008b600000|100%| O|  |TAMS 0x000000008b600000, 0x000000008b500000| Untracked 
|   6|0x000000008b600000, 0x000000008b700000, 0x000000008b700000|100%| O|  |TAMS 0x000000008b700000, 0x000000008b600000| Untracked 
|   7|0x000000008b700000, 0x000000008b800000, 0x000000008b800000|100%| O|  |TAMS 0x000000008b800000, 0x000000008b700000| Untracked 
|   8|0x000000008b800000, 0x000000008b900000, 0x000000008b900000|100%| O|  |TAMS 0x000000008b900000, 0x000000008b800000| Untracked 
|   9|0x000000008b900000, 0x000000008ba00000, 0x000000008ba00000|100%| O|  |TAMS 0x000000008ba00000, 0x000000008b900000| Untracked 
|  10|0x000000008ba00000, 0x000000008bb00000, 0x000000008bb00000|100%| O|  |TAMS 0x000000008bb00000, 0x000000008ba00000| Untracked 
|  11|0x000000008bb00000, 0x000000008bc00000, 0x000000008bc00000|100%| O|  |TAMS 0x000000008bc00000, 0x000000008bb00000| Untracked 
|  12|0x000000008bc00000, 0x000000008bd00000, 0x000000008bd00000|100%| O|  |TAMS 0x000000008bd00000, 0x000000008bc00000| Untracked 
|  13|0x000000008bd00000, 0x000000008be00000, 0x000000008be00000|100%| O|  |TAMS 0x000000008be00000, 0x000000008bd00000| Untracked 
|  14|0x000000008be00000, 0x000000008bf00000, 0x000000008bf00000|100%| O|  |TAMS 0x000000008bf00000, 0x000000008be00000| Untracked 
|  15|0x000000008bf00000, 0x000000008c000000, 0x000000008c000000|100%| O|  |TAMS 0x000000008c000000, 0x000000008bf00000| Untracked 
|  16|0x000000008c000000, 0x000000008c100000, 0x000000008c100000|100%| O|  |TAMS 0x000000008c100000, 0x000000008c000000| Untracked 
|  17|0x000000008c100000, 0x000000008c200000, 0x000000008c200000|100%| O|  |TAMS 0x000000008c200000, 0x000000008c100000| Untracked 
|  18|0x000000008c200000, 0x000000008c300000, 0x000000008c300000|100%| O|  |TAMS 0x000000008c300000, 0x000000008c200000| Untracked 
|  19|0x000000008c300000, 0x000000008c400000, 0x000000008c400000|100%| O|  |TAMS 0x000000008c400000, 0x000000008c300000| Untracked 
|  20|0x000000008c400000, 0x000000008c43b800, 0x000000008c500000| 23%| O|  |TAMS 0x000000008c43b800, 0x000000008c400000| Untracked 
|  21|0x000000008c500000, 0x000000008c500000, 0x000000008c600000|  0%| F|  |TAMS 0x000000008c500000, 0x000000008c500000| Untracked 
|  22|0x000000008c600000, 0x000000008c600000, 0x000000008c700000|  0%| F|  |TAMS 0x000000008c600000, 0x000000008c600000| Untracked 
|  23|0x000000008c700000, 0x000000008c700000, 0x000000008c800000|  0%| F|  |TAMS 0x000000008c700000, 0x000000008c700000| Untracked 
|  24|0x000000008c800000, 0x000000008c800000, 0x000000008c900000|  0%| F|  |TAMS 0x000000008c800000, 0x000000008c800000| Untracked 
|  25|0x000000008c900000, 0x000000008c900000, 0x000000008ca00000|  0%| F|  |TAMS 0x000000008c900000, 0x000000008c900000| Untracked 
|  26|0x000000008ca00000, 0x000000008ca00000, 0x000000008cb00000|  0%| F|  |TAMS 0x000000008ca00000, 0x000000008ca00000| Untracked 
|  27|0x000000008cb00000, 0x000000008cb00000, 0x000000008cc00000|  0%| F|  |TAMS 0x000000008cb00000, 0x000000008cb00000| Untracked 
|  28|0x000000008cc00000, 0x000000008cc00000, 0x000000008cd00000|  0%| F|  |TAMS 0x000000008cc00000, 0x000000008cc00000| Untracked 
|  29|0x000000008cd00000, 0x000000008cd00000, 0x000000008ce00000|  0%| F|  |TAMS 0x000000008cd00000, 0x000000008cd00000| Untracked 
|  30|0x000000008ce00000, 0x000000008ce00000, 0x000000008cf00000|  0%| F|  |TAMS 0x000000008ce00000, 0x000000008ce00000| Untracked 
|  31|0x000000008cf00000, 0x000000008cf00000, 0x000000008d000000|  0%| F|  |TAMS 0x000000008cf00000, 0x000000008cf00000| Untracked 
|  32|0x000000008d000000, 0x000000008d000000, 0x000000008d100000|  0%| F|  |TAMS 0x000000008d000000, 0x000000008d000000| Untracked 
|  33|0x000000008d100000, 0x000000008d170840, 0x000000008d200000| 43%| E|  |TAMS 0x000000008d100000, 0x000000008d100000| Complete 
|  34|0x000000008d200000, 0x000000008d300000, 0x000000008d300000|100%| E|CS|TAMS 0x000000008d200000, 0x000000008d200000| Complete 
|  35|0x000000008d300000, 0x000000008d400000, 0x000000008d400000|100%| E|CS|TAMS 0x000000008d300000, 0x000000008d300000| Complete 
|  36|0x000000008d400000, 0x000000008d500000, 0x000000008d500000|100%| E|CS|TAMS 0x000000008d400000, 0x000000008d400000| Complete 
|  37|0x000000008d500000, 0x000000008d600000, 0x000000008d600000|100%| E|CS|TAMS 0x000000008d500000, 0x000000008d500000| Complete 
|  38|0x000000008d600000, 0x000000008d700000, 0x000000008d700000|100%| E|CS|TAMS 0x000000008d600000, 0x000000008d600000| Complete 
|  39|0x000000008d700000, 0x000000008d71a088, 0x000000008d800000| 10%| S|CS|TAMS 0x000000008d700000, 0x000000008d700000| Complete 
|  40|0x000000008d800000, 0x000000008d900000, 0x000000008d900000|100%| S|CS|TAMS 0x000000008d800000, 0x000000008d800000| Complete 
|  41|0x000000008d900000, 0x000000008da00000, 0x000000008da00000|100%| S|CS|TAMS 0x000000008d900000, 0x000000008d900000| Complete 
|  42|0x000000008da00000, 0x000000008db00000, 0x000000008db00000|100%| S|CS|TAMS 0x000000008da00000, 0x000000008da00000| Complete 
|  43|0x000000008db00000, 0x000000008dc00000, 0x000000008dc00000|100%| E|CS|TAMS 0x000000008db00000, 0x000000008db00000| Complete 
|  44|0x000000008dc00000, 0x000000008dd00000, 0x000000008dd00000|100%| E|CS|TAMS 0x000000008dc00000, 0x000000008dc00000| Complete 
|  45|0x000000008dd00000, 0x000000008de00000, 0x000000008de00000|100%| E|CS|TAMS 0x000000008dd00000, 0x000000008dd00000| Complete 
|  46|0x000000008de00000, 0x000000008df00000, 0x000000008df00000|100%| E|CS|TAMS 0x000000008de00000, 0x000000008de00000| Complete 
|  47|0x000000008df00000, 0x000000008e000000, 0x000000008e000000|100%| E|CS|TAMS 0x000000008df00000, 0x000000008df00000| Complete 
|  48|0x000000008e000000, 0x000000008e100000, 0x000000008e100000|100%| E|CS|TAMS 0x000000008e000000, 0x000000008e000000| Complete 
|  49|0x000000008e100000, 0x000000008e200000, 0x000000008e200000|100%| E|CS|TAMS 0x000000008e100000, 0x000000008e100000| Complete 
|  50|0x000000008e200000, 0x000000008e300000, 0x000000008e300000|100%| E|CS|TAMS 0x000000008e200000, 0x000000008e200000| Complete 
|  51|0x000000008e300000, 0x000000008e400000, 0x000000008e400000|100%| E|CS|TAMS 0x000000008e300000, 0x000000008e300000| Complete 
|  52|0x000000008e400000, 0x000000008e500000, 0x000000008e500000|100%| E|CS|TAMS 0x000000008e400000, 0x000000008e400000| Complete 
|  53|0x000000008e500000, 0x000000008e600000, 0x000000008e600000|100%| E|CS|TAMS 0x000000008e500000, 0x000000008e500000| Complete 
|  54|0x000000008e600000, 0x000000008e700000, 0x000000008e700000|100%| E|CS|TAMS 0x000000008e600000, 0x000000008e600000| Complete 
| 113|0x0000000092100000, 0x0000000092200000, 0x0000000092200000|100%| E|CS|TAMS 0x0000000092100000, 0x0000000092100000| Complete 
| 114|0x0000000092200000, 0x0000000092300000, 0x0000000092300000|100%| E|CS|TAMS 0x0000000092200000, 0x0000000092200000| Complete 
| 117|0x0000000092500000, 0x0000000092600000, 0x0000000092600000|100%| E|CS|TAMS 0x0000000092500000, 0x0000000092500000| Complete 

Card table byte_map: [0x0000014d09b10000,0x0000014d09ec0000] _byte_map_base: 0x0000014d096b8000

Marking Bits (Prev, Next): (CMBitMap*) 0x0000014d02ddf190, (CMBitMap*) 0x0000014d02ddf150
 Prev Bits: [0x0000014d0bfb0000, 0x0000014d0dcf0000)
 Next Bits: [0x0000014d0a270000, 0x0000014d0bfb0000)

Polling page: 0x0000014d02540000

Metaspace:

Usage:
  Non-class:     51.49 MB used.
      Class:      8.06 MB used.
       Both:     59.55 MB used.

Virtual space:
  Non-class space:       56.00 MB reserved,      51.75 MB ( 92%) committed,  7 nodes.
      Class space:        1.00 GB reserved,       8.31 MB ( <1%) committed,  1 nodes.
             Both:        1.05 GB reserved,      60.06 MB (  6%) committed. 

Chunk freelists:
   Non-Class:  3.80 MB
       Class:  3.70 MB
        Both:  7.50 MB

MaxMetaspaceSize: unlimited
CompressedClassSpaceSize: 1.00 GB
Initial GC threshold: 21.00 MB
Current GC threshold: 98.75 MB
CDS: off
MetaspaceReclaimPolicy: balanced
 - commit_granule_bytes: 65536.
 - commit_granule_words: 8192.
 - virtual_space_node_default_size: 1048576.
 - enlarge_chunks_in_place: 1.
 - new_chunks_are_fully_committed: 0.
 - uncommit_free_chunks: 1.
 - use_allocation_guard: 0.
 - handle_deallocations: 1.


Internal statistics:

num_allocs_failed_limit: 11.
num_arena_births: 674.
num_arena_deaths: 0.
num_vsnodes_births: 8.
num_vsnodes_deaths: 0.
num_space_committed: 961.
num_space_uncommitted: 0.
num_chunks_returned_to_freelist: 11.
num_chunks_taken_from_freelist: 2599.
num_chunk_merges: 11.
num_chunk_splits: 1862.
num_chunks_enlarged: 1426.
num_purges: 0.
num_inconsistent_stats: 0.

CodeCache: size=49152Kb used=10189Kb max_used=10189Kb free=38962Kb
 bounds [0x0000014d06430000, 0x0000014d06e30000, 0x0000014d09430000]
 total_blobs=5403 nmethods=4779 adapters=548
 compilation: enabled
              stopped_count=0, restarted_count=0
 full_count=0

Compilation events (20 events):
Event: 6.568 Thread 0x0000014d1159fb40 4770       1       java.util.stream.MatchOps::makeRef (29 bytes)
Event: 6.568 Thread 0x0000014d1142f8b0 4771       1       java.util.stream.MatchOps$$Lambda$239/0x00000001001d75a0::<init> (15 bytes)
Event: 6.568 Thread 0x0000014d115a1870 4772       1       java.util.stream.MatchOps$$Lambda$239/0x00000001001d75a0::get (12 bytes)
Event: 6.568 Thread 0x0000014d11fd7080 4773       1       java.util.stream.MatchOps::lambda$makeRef$0 (10 bytes)
Event: 6.568 Thread 0x0000014d1142f8b0 nmethod 4771 0x0000014d06e1fb90 code [0x0000014d06e1fd20, 0x0000014d06e1fe78]
Event: 6.568 Thread 0x0000014d1142f8b0 4774       1       java.util.stream.MatchOps$1MatchSink::<init> (16 bytes)
Event: 6.568 Thread 0x0000014d11fd7080 nmethod 4773 0x0000014d06e1ff10 code [0x0000014d06e200a0, 0x0000014d06e20278]
Event: 6.568 Thread 0x0000014d115a1870 nmethod 4772 0x0000014d06e20390 code [0x0000014d06e20520, 0x0000014d06e20718]
Event: 6.568 Thread 0x0000014d115a1870 4775       1       java.util.stream.ReferencePipeline::anyMatch (18 bytes)
Event: 6.568 Thread 0x0000014d1142f8b0 nmethod 4774 0x0000014d06e20810 code [0x0000014d06e209a0, 0x0000014d06e20b38]
Event: 6.568 Thread 0x0000014d1159fb40 nmethod 4770 0x0000014d06e20c10 code [0x0000014d06e20de0, 0x0000014d06e21268]
Event: 6.568 Thread 0x0000014d115a1870 nmethod 4775 0x0000014d06e21490 code [0x0000014d06e21680, 0x0000014d06e21b08]
Event: 6.577 Thread 0x0000014d1159fb40 4776       1       org.springframework.util.ConcurrentReferenceHashMap::<init> (173 bytes)
Event: 6.577 Thread 0x0000014d1142f8b0 4777       1       org.springframework.util.ConcurrentReferenceHashMap::calculateShift (26 bytes)
Event: 6.577 Thread 0x0000014d1142f8b0 nmethod 4777 0x0000014d06e21d10 code [0x0000014d06e21ea0, 0x0000014d06e21f78]
Event: 6.578 Thread 0x0000014d1142f8b0 4778       1       org.springframework.aop.support.AopUtils::isEqualsMethod (5 bytes)
Event: 6.578 Thread 0x0000014d115a1870 4779       1       org.springframework.aop.support.AopUtils::isHashCodeMethod (5 bytes)
Event: 6.578 Thread 0x0000014d1142f8b0 nmethod 4778 0x0000014d06e22010 code [0x0000014d06e221a0, 0x0000014d06e22268]
Event: 6.578 Thread 0x0000014d1159fb40 nmethod 4776 0x0000014d06e22310 code [0x0000014d06e22520, 0x0000014d06e22c98]
Event: 6.578 Thread 0x0000014d115a1870 nmethod 4779 0x0000014d06e23090 code [0x0000014d06e23220, 0x0000014d06e23348]

GC Heap History (20 events):
Event: 1.917 GC heap before
{Heap before GC invocations=5 (full 0):
 garbage-first heap   total 37888K, used 11860K [0x000000008b000000, 0x0000000100000000)
  region size 1024K, 5 young (5120K), 4 survivors (4096K)
 Metaspace       used 26525K, committed 26880K, reserved 1073152K
  class space    used 3160K, committed 3328K, reserved 1048576K
}
Event: 1.921 GC heap after
{Heap after GC invocations=6 (full 0):
 garbage-first heap   total 37888K, used 11114K [0x000000008b000000, 0x0000000100000000)
  region size 1024K, 1 young (1024K), 1 survivors (1024K)
 Metaspace       used 26525K, committed 26880K, reserved 1073152K
  class space    used 3160K, committed 3328K, reserved 1048576K
}
Event: 2.261 GC heap before
{Heap before GC invocations=6 (full 0):
 garbage-first heap   total 37888K, used 26474K [0x000000008b000000, 0x0000000100000000)
  region size 1024K, 17 young (17408K), 1 survivors (1024K)
 Metaspace       used 28058K, committed 28416K, reserved 1081344K
  class space    used 3362K, committed 3520K, reserved 1048576K
}
Event: 2.263 GC heap after
{Heap after GC invocations=7 (full 0):
 garbage-first heap   total 59392K, used 12238K [0x000000008b000000, 0x0000000100000000)
  region size 1024K, 2 young (2048K), 2 survivors (2048K)
 Metaspace       used 28058K, committed 28416K, reserved 1081344K
  class space    used 3362K, committed 3520K, reserved 1048576K
}
Event: 2.847 GC heap before
{Heap before GC invocations=7 (full 0):
 garbage-first heap   total 59392K, used 40910K [0x000000008b000000, 0x0000000100000000)
  region size 1024K, 30 young (30720K), 2 survivors (2048K)
 Metaspace       used 31268K, committed 31616K, reserved 1081344K
  class space    used 3867K, committed 4032K, reserved 1048576K
}
Event: 2.851 GC heap after
{Heap after GC invocations=8 (full 0):
 garbage-first heap   total 59392K, used 13964K [0x000000008b000000, 0x0000000100000000)
  region size 1024K, 4 young (4096K), 4 survivors (4096K)
 Metaspace       used 31268K, committed 31616K, reserved 1081344K
  class space    used 3867K, committed 4032K, reserved 1048576K
}
Event: 3.426 GC heap before
{Heap before GC invocations=8 (full 0):
 garbage-first heap   total 59392K, used 41612K [0x000000008b000000, 0x0000000100000000)
  region size 1024K, 31 young (31744K), 4 survivors (4096K)
 Metaspace       used 35498K, committed 35904K, reserved 1081344K
  class space    used 4479K, committed 4672K, reserved 1048576K
}
Event: 3.431 GC heap after
{Heap after GC invocations=9 (full 0):
 garbage-first heap   total 59392K, used 16693K [0x000000008b000000, 0x0000000100000000)
  region size 1024K, 4 young (4096K), 4 survivors (4096K)
 Metaspace       used 35498K, committed 35904K, reserved 1081344K
  class space    used 4479K, committed 4672K, reserved 1048576K
}
Event: 3.461 GC heap before
{Heap before GC invocations=9 (full 0):
 garbage-first heap   total 59392K, used 17717K [0x000000008b000000, 0x0000000100000000)
  region size 1024K, 6 young (6144K), 4 survivors (4096K)
 Metaspace       used 35751K, committed 36160K, reserved 1081344K
  class space    used 4504K, committed 4736K, reserved 1048576K
}
Event: 3.464 GC heap after
{Heap after GC invocations=10 (full 0):
 garbage-first heap   total 59392K, used 17596K [0x000000008b000000, 0x0000000100000000)
  region size 1024K, 1 young (1024K), 1 survivors (1024K)
 Metaspace       used 35751K, committed 36160K, reserved 1081344K
  class space    used 4504K, committed 4736K, reserved 1048576K
}
Event: 4.039 GC heap before
{Heap before GC invocations=11 (full 0):
 garbage-first heap   total 59392K, used 43196K [0x000000008b000000, 0x0000000100000000)
  region size 1024K, 27 young (27648K), 1 survivors (1024K)
 Metaspace       used 41167K, committed 41600K, reserved 1089536K
  class space    used 5152K, committed 5376K, reserved 1048576K
}
Event: 4.042 GC heap after
{Heap after GC invocations=12 (full 0):
 garbage-first heap   total 59392K, used 19716K [0x000000008b000000, 0x0000000100000000)
  region size 1024K, 3 young (3072K), 3 survivors (3072K)
 Metaspace       used 41167K, committed 41600K, reserved 1089536K
  class space    used 5152K, committed 5376K, reserved 1048576K
}
Event: 4.885 GC heap before
{Heap before GC invocations=12 (full 0):
 garbage-first heap   total 59392K, used 44292K [0x000000008b000000, 0x0000000100000000)
  region size 1024K, 27 young (27648K), 3 survivors (3072K)
 Metaspace       used 46727K, committed 47232K, reserved 1097728K
  class space    used 6035K, committed 6272K, reserved 1048576K
}
Event: 4.888 GC heap after
{Heap after GC invocations=13 (full 0):
 garbage-first heap   total 59392K, used 20927K [0x000000008b000000, 0x0000000100000000)
  region size 1024K, 2 young (2048K), 2 survivors (2048K)
 Metaspace       used 46727K, committed 47232K, reserved 1097728K
  class space    used 6035K, committed 6272K, reserved 1048576K
}
Event: 5.460 GC heap before
{Heap before GC invocations=13 (full 0):
 garbage-first heap   total 59392K, used 43455K [0x000000008b000000, 0x0000000100000000)
  region size 1024K, 25 young (25600K), 2 survivors (2048K)
 Metaspace       used 52992K, committed 53504K, reserved 1097728K
  class space    used 6952K, committed 7168K, reserved 1048576K
}
Event: 5.463 GC heap after
{Heap after GC invocations=14 (full 0):
 garbage-first heap   total 59392K, used 21790K [0x000000008b000000, 0x0000000100000000)
  region size 1024K, 3 young (3072K), 3 survivors (3072K)
 Metaspace       used 52992K, committed 53504K, reserved 1097728K
  class space    used 6952K, committed 7168K, reserved 1048576K
}
Event: 6.068 GC heap before
{Heap before GC invocations=14 (full 0):
 garbage-first heap   total 59392K, used 45342K [0x000000008b000000, 0x0000000100000000)
  region size 1024K, 26 young (26624K), 3 survivors (3072K)
 Metaspace       used 57492K, committed 57984K, reserved 1105920K
  class space    used 7739K, committed 7936K, reserved 1048576K
}
Event: 6.071 GC heap after
{Heap after GC invocations=15 (full 0):
 garbage-first heap   total 59392K, used 22800K [0x000000008b000000, 0x0000000100000000)
  region size 1024K, 3 young (3072K), 3 survivors (3072K)
 Metaspace       used 57492K, committed 57984K, reserved 1105920K
  class space    used 7739K, committed 7936K, reserved 1048576K
}
Event: 6.368 GC heap before
{Heap before GC invocations=15 (full 0):
 garbage-first heap   total 59392K, used 36112K [0x000000008b000000, 0x0000000100000000)
  region size 1024K, 18 young (18432K), 3 survivors (3072K)
 Metaspace       used 60059K, committed 60480K, reserved 1105920K
  class space    used 8068K, committed 8256K, reserved 1048576K
}
Event: 6.371 GC heap after
{Heap after GC invocations=16 (full 0):
 garbage-first heap   total 59392K, used 23894K [0x000000008b000000, 0x0000000100000000)
  region size 1024K, 4 young (4096K), 4 survivors (4096K)
 Metaspace       used 60059K, committed 60480K, reserved 1105920K
  class space    used 8068K, committed 8256K, reserved 1048576K
}

Dll operation events (9 events):
Event: 0.012 Loaded shared library C:\Users\Freel\.p2\pool\plugins\org.eclipse.justj.openjdk.hotspot.jre.full.win32.x86_64_17.0.5.v20221102-0933\jre\bin\java.dll
Event: 0.248 Loaded shared library C:\Users\Freel\.p2\pool\plugins\org.eclipse.justj.openjdk.hotspot.jre.full.win32.x86_64_17.0.5.v20221102-0933\jre\bin\jimage.dll
Event: 0.270 Loaded shared library C:\Users\Freel\.p2\pool\plugins\org.eclipse.justj.openjdk.hotspot.jre.full.win32.x86_64_17.0.5.v20221102-0933\jre\bin\net.dll
Event: 0.273 Loaded shared library C:\Users\Freel\.p2\pool\plugins\org.eclipse.justj.openjdk.hotspot.jre.full.win32.x86_64_17.0.5.v20221102-0933\jre\bin\nio.dll
Event: 0.280 Loaded shared library C:\Users\Freel\.p2\pool\plugins\org.eclipse.justj.openjdk.hotspot.jre.full.win32.x86_64_17.0.5.v20221102-0933\jre\bin\zip.dll
Event: 0.363 Loaded shared library C:\Users\Freel\.p2\pool\plugins\org.eclipse.justj.openjdk.hotspot.jre.full.win32.x86_64_17.0.5.v20221102-0933\jre\bin\management.dll
Event: 0.383 Loaded shared library C:\Users\Freel\.p2\pool\plugins\org.eclipse.justj.openjdk.hotspot.jre.full.win32.x86_64_17.0.5.v20221102-0933\jre\bin\management_ext.dll
Event: 1.696 Loaded shared library C:\Users\Freel\.p2\pool\plugins\org.eclipse.justj.openjdk.hotspot.jre.full.win32.x86_64_17.0.5.v20221102-0933\jre\bin\verify.dll
Event: 3.353 Loaded shared library C:\Users\Freel\.p2\pool\plugins\org.eclipse.justj.openjdk.hotspot.jre.full.win32.x86_64_17.0.5.v20221102-0933\jre\bin\sunmscapi.dll

Deoptimization events (6 events):
Event: 1.756 Thread 0x0000014d11f332b0 DEOPT PACKING pc=0x0000014d069f8319 sp=0x000000384d4fc8c0
Event: 1.756 Thread 0x0000014d11f332b0 DEOPT UNPACKING pc=0x0000014d06482b43 sp=0x000000384d4fbda0 mode 3
Event: 3.614 Thread 0x0000014d11f332b0 DEOPT PACKING pc=0x0000014d06c6f97d sp=0x000000384d4f7eb0
Event: 3.614 Thread 0x0000014d11f332b0 DEOPT UNPACKING pc=0x0000014d06482b43 sp=0x000000384d4f7418 mode 3
Event: 6.323 Thread 0x0000014d11f332b0 DEOPT PACKING pc=0x0000014d06a11f94 sp=0x000000384d4fc570
Event: 6.323 Thread 0x0000014d11f332b0 DEOPT UNPACKING pc=0x0000014d06482b43 sp=0x000000384d4fbac8 mode 0

Classes unloaded (0 events):
No events

Classes redefined (0 events):
No events

Internal exceptions (20 events):
Event: 5.365 Thread 0x0000014d11f332b0 Exception <a 'java/lang/NoSuchMethodError'{0x000000008d6854d8}: 'java.lang.Object java.lang.invoke.DirectMethodHandle$Holder.invokeStatic(java.lang.Object, java.lang.Object, int, java.lang.Object)'> (0x000000008d6854d8) 
thrown [s\src\hotspot\share\interpreter\linkResolver.cpp, line 759]
Event: 5.366 Thread 0x0000014d11f332b0 Exception <a 'java/lang/NoSuchMethodError'{0x000000008d688f70}: 'java.lang.Object java.lang.invoke.DirectMethodHandle$Holder.invokeStaticInit(java.lang.Object, java.lang.Object, int, java.lang.Object)'> (0x000000008d688f70) 
thrown [s\src\hotspot\share\interpreter\linkResolver.cpp, line 759]
Event: 5.397 Thread 0x0000014d11f332b0 Exception <a 'java/lang/IncompatibleClassChangeError'{0x000000008d5e4cf8}: Found class java.lang.Object, but interface was expected> (0x000000008d5e4cf8) 
thrown [s\src\hotspot\share\interpreter\linkResolver.cpp, line 826]
Event: 5.588 Thread 0x0000014d11f3caf0 Exception <a 'java/lang/reflect/InvocationTargetException'{0x000000008e4713e0}> (0x000000008e4713e0) 
thrown [s\src\hotspot\share\runtime\reflection.cpp, line 1121]
Event: 5.905 Thread 0x0000014d11f332b0 Exception <a 'java/lang/NoSuchMethodError'{0x000000008d8eafc0}: 'java.lang.Object java.lang.invoke.DirectMethodHandle$Holder.newInvokeSpecial(java.lang.Object, java.lang.Object, java.lang.Object, java.lang.Object, java.lang.Object, java.lang.Object, java.lang.Object, int)'> (0x000000008d8eafc0) 
thrown [s\src\hotspot\share\interpreter\linkResolver.cpp, line 759]
Event: 5.905 Thread 0x0000014d11f332b0 Exception <a 'java/lang/NoSuchMethodError'{0x000000008d8effb8}: 'java.lang.Object java.lang.invoke.DirectMethodHandle$Holder.invokeSpecial(java.lang.Object, java.lang.Object, java.lang.Object, java.lang.Object, java.lang.Object, java.lang.Object, java.lang.Object, java.lang.Object, int)'> (0x000000008d8effb8) 
thrown [s\src\hotspot\share\interpreter\linkResolver.cpp, line 759]
Event: 5.906 Thread 0x0000014d11f332b0 Exception <a 'java/lang/NoSuchMethodError'{0x000000008d8f4a80}: 'java.lang.Object java.lang.invoke.Invokers$Holder.linkToTargetMethod(java.lang.Object, java.lang.Object, java.lang.Object, java.lang.Object, java.lang.Object, java.lang.Object, int, java.lang.Object)'> (0x000000008d8f4a80) 
thrown [s\src\hotspot\share\interpreter\linkResolver.cpp, line 759]
Event: 5.961 Thread 0x0000014d11f332b0 Exception <a 'java/lang/NoSuchMethodError'{0x000000008d672990}: 'void java.lang.invoke.DirectMethodHandle$Holder.invokeInterface(java.lang.Object, java.lang.Object)'> (0x000000008d672990) 
thrown [s\src\hotspot\share\interpreter\linkResolver.cpp, line 759]
Event: 6.010 Thread 0x0000014d11f332b0 Exception <a 'java/lang/NoSuchMethodError'{0x000000008d4784d0}: 'java.lang.Object java.lang.invoke.DirectMethodHandle$Holder.newInvokeSpecial(java.lang.Object, java.lang.Object, java.lang.Object, java.lang.Object, java.lang.Object, java.lang.Object, java.lang.Object)'> (0x000000008d4784d0) 
thrown [s\src\hotspot\share\interpreter\linkResolver.cpp, line 759]
Event: 6.094 Thread 0x0000014d11f3caf0 Exception <a 'java/lang/reflect/InvocationTargetException'{0x00000000925eb638}> (0x00000000925eb638) 
thrown [s\src\hotspot\share\runtime\reflection.cpp, line 1121]
Event: 6.171 Thread 0x0000014d11f332b0 Exception <a 'java/lang/IncompatibleClassChangeError'{0x000000008e5ff4f8}: Found class java.lang.Object, but interface was expected> (0x000000008e5ff4f8) 
thrown [s\src\hotspot\share\interpreter\linkResolver.cpp, line 826]
Event: 6.208 Thread 0x0000014d11f332b0 Exception <a 'java/lang/IncompatibleClassChangeError'{0x000000008e399f98}: Found class java.lang.Object, but interface was expected> (0x000000008e399f98) 
thrown [s\src\hotspot\share\interpreter\linkResolver.cpp, line 826]
Event: 6.366 Thread 0x0000014d11f332b0 Exception <a 'java/lang/IncompatibleClassChangeError'{0x000000008db066a8}: Found class java.lang.Object, but interface was expected> (0x000000008db066a8) 
thrown [s\src\hotspot\share\interpreter\linkResolver.cpp, line 826]
Event: 6.377 Thread 0x0000014d11f332b0 Exception <a 'java/lang/NoSuchMethodError'{0x000000009252d198}: 'void java.lang.invoke.DirectMethodHandle$Holder.invokeSpecial(java.lang.Object, java.lang.Object, java.lang.Object, java.lang.Object, java.lang.Object, java.lang.Object, java.lang.Object)'> (0x000000009252d198) 
thrown [s\src\hotspot\share\interpreter\linkResolver.cpp, line 759]
Event: 6.446 Thread 0x0000014d11f332b0 Exception <a 'java/lang/reflect/InvocationTargetException'{0x000000008e3fc870}> (0x000000008e3fc870) 
thrown [s\src\hotspot\share\runtime\reflection.cpp, line 1121]
Event: 6.457 Thread 0x0000014d11f332b0 Exception <a 'java/lang/NoSuchMethodError'{0x000000008e262748}: 'int java.lang.invoke.DirectMethodHandle$Holder.invokeStatic(java.lang.Object, java.lang.Object, int)'> (0x000000008e262748) 
thrown [s\src\hotspot\share\interpreter\linkResolver.cpp, line 759]
Event: 6.460 Thread 0x0000014d11f332b0 Exception <a 'java/lang/NoSuchMethodError'{0x000000008e280ef0}: 'java.lang.Object java.lang.invoke.DirectMethodHandle$Holder.newInvokeSpecial(java.lang.Object, java.lang.Object, int)'> (0x000000008e280ef0) 
thrown [s\src\hotspot\share\interpreter\linkResolver.cpp, line 759]
Event: 6.465 Thread 0x0000014d11f332b0 Exception <a 'java/lang/IncompatibleClassChangeError'{0x000000008e2af160}: Found class java.lang.Object, but interface was expected> (0x000000008e2af160) 
thrown [s\src\hotspot\share\interpreter\linkResolver.cpp, line 826]
Event: 6.465 Thread 0x0000014d11f332b0 Exception <a 'java/lang/IncompatibleClassChangeError'{0x000000008e2b59f0}: Found class java.lang.Object, but interface was expected> (0x000000008e2b59f0) 
thrown [s\src\hotspot\share\interpreter\linkResolver.cpp, line 826]
Event: 6.552 Thread 0x0000014d11f332b0 Exception <a 'java/lang/reflect/InvocationTargetException'{0x000000008d66b158}> (0x000000008d66b158) 
thrown [s\src\hotspot\share\runtime\reflection.cpp, line 1121]

VM Operations (20 events):
Event: 5.705 Executing VM operation: HandshakeAllThreads
Event: 5.705 Executing VM operation: HandshakeAllThreads done
Event: 5.782 Executing VM operation: ICBufferFull
Event: 5.783 Executing VM operation: ICBufferFull done
Event: 6.057 Executing VM operation: HandshakeAllThreads
Event: 6.057 Executing VM operation: HandshakeAllThreads done
Event: 6.068 Executing VM operation: G1CollectForAllocation
Event: 6.071 Executing VM operation: G1CollectForAllocation done
Event: 6.322 Executing VM operation: HandshakeAllThreads
Event: 6.322 Executing VM operation: HandshakeAllThreads done
Event: 6.368 Executing VM operation: CollectForMetadataAllocation
Event: 6.371 Executing VM operation: CollectForMetadataAllocation done
Event: 6.385 Executing VM operation: G1Concurrent
Event: 6.388 Executing VM operation: G1Concurrent done
Event: 6.394 Executing VM operation: G1Concurrent
Event: 6.394 Executing VM operation: G1Concurrent done
Event: 6.404 Executing VM operation: HandshakeAllThreads
Event: 6.404 Executing VM operation: HandshakeAllThreads done
Event: 6.405 Executing VM operation: HandshakeAllThreads
Event: 6.405 Executing VM operation: HandshakeAllThreads done

Events (20 events):
Event: 6.421 loading class java/util/stream/ReduceOps$CountingSink done
Event: 6.421 loading class java/util/stream/ReduceOps$CountingSink$OfRef done
Event: 6.453 loading class java/lang/Character$UnicodeBlock
Event: 6.455 loading class java/lang/Character$Subset
Event: 6.455 loading class java/lang/Character$Subset done
Event: 6.455 loading class java/lang/Character$UnicodeBlock done
Event: 6.464 loading class java/util/regex/Pattern$1
Event: 6.464 loading class java/util/regex/Pattern$1 done
Event: 6.492 loading class java/util/regex/Pattern$Bound
Event: 6.492 loading class java/util/regex/Pattern$Bound done
Event: 6.492 loading class java/util/regex/Pattern$SliceI
Event: 6.492 loading class java/util/regex/Pattern$SliceI done
Event: 6.493 loading class java/util/regex/Pattern$LookBehindEndNode
Event: 6.493 loading class java/util/regex/Pattern$LookBehindEndNode done
Event: 6.493 loading class java/util/regex/Pattern$NotBehind
Event: 6.493 loading class java/util/regex/Pattern$NotBehind done
Event: 6.494 loading class java/util/regex/Pattern$Behind
Event: 6.494 loading class java/util/regex/Pattern$Behind done
Event: 6.494 loading class java/util/regex/Pattern$GroupCurly
Event: 6.494 loading class java/util/regex/Pattern$GroupCurly done


Dynamic libraries:
0x00007ff745650000 - 0x00007ff74565e000 	C:\Users\Freel\.p2\pool\plugins\org.eclipse.justj.openjdk.hotspot.jre.full.win32.x86_64_17.0.5.v20221102-0933\jre\bin\javaw.exe
0x00007ff8a0e90000 - 0x00007ff8a10a4000 	C:\windows\SYSTEM32\ntdll.dll
0x00007ff89f590000 - 0x00007ff89f652000 	C:\windows\System32\KERNEL32.DLL
0x00007ff89e490000 - 0x00007ff89e82c000 	C:\windows\System32\KERNELBASE.dll
0x00007ff89e2d0000 - 0x00007ff89e3e1000 	C:\windows\System32\ucrtbase.dll
0x00007ff883170000 - 0x00007ff883189000 	C:\Users\Freel\.p2\pool\plugins\org.eclipse.justj.openjdk.hotspot.jre.full.win32.x86_64_17.0.5.v20221102-0933\jre\bin\VCRUNTIME140.dll
0x00007ff8835b0000 - 0x00007ff8835c7000 	C:\Users\Freel\.p2\pool\plugins\org.eclipse.justj.openjdk.hotspot.jre.full.win32.x86_64_17.0.5.v20221102-0933\jre\bin\jli.dll
0x00007ff8a0b10000 - 0x00007ff8a0cbb000 	C:\windows\System32\USER32.dll
0x00007ff89e8f0000 - 0x00007ff89e916000 	C:\windows\System32\win32u.dll
0x00007ff89fe60000 - 0x00007ff89fe89000 	C:\windows\System32\GDI32.dll
0x00007ff887980000 - 0x00007ff887c0e000 	C:\windows\WinSxS\amd64_microsoft.windows.common-controls_6595b64144ccf1df_6.0.22621.608_none_a9444ca7c10bb01d\COMCTL32.dll
0x00007ff89eb80000 - 0x00007ff89ec93000 	C:\windows\System32\gdi32full.dll
0x00007ff89ee50000 - 0x00007ff89eef7000 	C:\windows\System32\msvcrt.dll
0x00007ff89e3f0000 - 0x00007ff89e48a000 	C:\windows\System32\msvcp_win.dll
0x00007ff8a0a20000 - 0x00007ff8a0a51000 	C:\windows\System32\IMM32.DLL
0x00007ff899060000 - 0x00007ff89906c000 	C:\Users\Freel\.p2\pool\plugins\org.eclipse.justj.openjdk.hotspot.jre.full.win32.x86_64_17.0.5.v20221102-0933\jre\bin\vcruntime140_1.dll
0x00007ff865180000 - 0x00007ff865211000 	C:\Users\Freel\.p2\pool\plugins\org.eclipse.justj.openjdk.hotspot.jre.full.win32.x86_64_17.0.5.v20221102-0933\jre\bin\msvcp140.dll
0x00007ff8292a0000 - 0x00007ff829ee4000 	C:\Users\Freel\.p2\pool\plugins\org.eclipse.justj.openjdk.hotspot.jre.full.win32.x86_64_17.0.5.v20221102-0933\jre\bin\server\jvm.dll
0x00007ff89f480000 - 0x00007ff89f52e000 	C:\windows\System32\ADVAPI32.dll
0x00007ff8a0a60000 - 0x00007ff8a0b04000 	C:\windows\System32\sechost.dll
0x00007ff8a0cc0000 - 0x00007ff8a0dd7000 	C:\windows\System32\RPCRT4.dll
0x00007ff899040000 - 0x00007ff899049000 	C:\windows\SYSTEM32\WSOCK32.dll
0x00007ff8951f0000 - 0x00007ff895224000 	C:\windows\SYSTEM32\WINMM.dll
0x00007ff89cef0000 - 0x00007ff89cefa000 	C:\windows\SYSTEM32\VERSION.dll
0x00007ff8a0830000 - 0x00007ff8a08a1000 	C:\windows\System32\WS2_32.dll
0x00007ff89d360000 - 0x00007ff89d378000 	C:\windows\SYSTEM32\kernel.appcore.dll
0x00007ff8849d0000 - 0x00007ff8849da000 	C:\Users\Freel\.p2\pool\plugins\org.eclipse.justj.openjdk.hotspot.jre.full.win32.x86_64_17.0.5.v20221102-0933\jre\bin\jimage.dll
0x00007ff89b950000 - 0x00007ff89bb7e000 	C:\windows\SYSTEM32\DBGHELP.DLL
0x00007ff89f060000 - 0x00007ff89f3e9000 	C:\windows\System32\combase.dll
0x00007ff8a0940000 - 0x00007ff8a0a17000 	C:\windows\System32\OLEAUT32.dll
0x00007ff8812d0000 - 0x00007ff881302000 	C:\windows\SYSTEM32\dbgcore.DLL
0x00007ff89e920000 - 0x00007ff89e99b000 	C:\windows\System32\bcryptPrimitives.dll
0x00007ff883120000 - 0x00007ff883145000 	C:\Users\Freel\.p2\pool\plugins\org.eclipse.justj.openjdk.hotspot.jre.full.win32.x86_64_17.0.5.v20221102-0933\jre\bin\java.dll
0x00007ff882cf0000 - 0x00007ff882d08000 	C:\Users\Freel\.p2\pool\plugins\org.eclipse.justj.openjdk.hotspot.jre.full.win32.x86_64_17.0.5.v20221102-0933\jre\bin\zip.dll
0x00007ff8a0040000 - 0x00007ff8a0830000 	C:\windows\System32\SHELL32.dll
0x00007ff89bfc0000 - 0x00007ff89c88d000 	C:\windows\SYSTEM32\windows.storage.dll
0x00007ff89be80000 - 0x00007ff89bfbe000 	C:\windows\SYSTEM32\wintypes.dll
0x00007ff89fe90000 - 0x00007ff89ff81000 	C:\windows\System32\SHCORE.dll
0x00007ff89f530000 - 0x00007ff89f58e000 	C:\windows\System32\shlwapi.dll
0x00007ff89e200000 - 0x00007ff89e221000 	C:\windows\SYSTEM32\profapi.dll
0x00007ff882cb0000 - 0x00007ff882cc9000 	C:\Users\Freel\.p2\pool\plugins\org.eclipse.justj.openjdk.hotspot.jre.full.win32.x86_64_17.0.5.v20221102-0933\jre\bin\net.dll
0x00007ff898830000 - 0x00007ff898967000 	C:\windows\SYSTEM32\WINHTTP.dll
0x00007ff89d7e0000 - 0x00007ff89d849000 	C:\windows\system32\mswsock.dll
0x00007ff882c90000 - 0x00007ff882ca5000 	C:\Users\Freel\.p2\pool\plugins\org.eclipse.justj.openjdk.hotspot.jre.full.win32.x86_64_17.0.5.v20221102-0933\jre\bin\nio.dll
0x00007ff884380000 - 0x00007ff884389000 	C:\Users\Freel\.p2\pool\plugins\org.eclipse.justj.openjdk.hotspot.jre.full.win32.x86_64_17.0.5.v20221102-0933\jre\bin\management.dll
0x00007ff883830000 - 0x00007ff88383b000 	C:\Users\Freel\.p2\pool\plugins\org.eclipse.justj.openjdk.hotspot.jre.full.win32.x86_64_17.0.5.v20221102-0933\jre\bin\management_ext.dll
0x00007ff8a0de0000 - 0x00007ff8a0de8000 	C:\windows\System32\PSAPI.DLL
0x00007ff87fd90000 - 0x00007ff87fda7000 	C:\windows\system32\napinsp.dll
0x00007ff87fd70000 - 0x00007ff87fd8b000 	C:\windows\system32\pnrpnsp.dll
0x00007ff89cb00000 - 0x00007ff89cbf3000 	C:\windows\SYSTEM32\DNSAPI.dll
0x00007ff89cad0000 - 0x00007ff89cafd000 	C:\windows\SYSTEM32\IPHLPAPI.DLL
0x00007ff89f050000 - 0x00007ff89f059000 	C:\windows\System32\NSI.dll
0x00007ff87fd50000 - 0x00007ff87fd61000 	C:\windows\System32\winrnr.dll
0x00007ff87fd30000 - 0x00007ff87fd45000 	C:\windows\system32\wshbth.dll
0x00007ff87fce0000 - 0x00007ff87fd01000 	C:\windows\system32\nlansp_c.dll
0x0000000072980000 - 0x00000000729b5000 	C:\Program Files\Bonjour\mdnsNSP.dll
0x00007ff896530000 - 0x00007ff89653a000 	C:\Windows\System32\rasadhlp.dll
0x00007ff894fc0000 - 0x00007ff895043000 	C:\windows\System32\fwpuclnt.dll
0x00007ff89dae0000 - 0x00007ff89dafb000 	C:\windows\SYSTEM32\CRYPTSP.dll
0x00007ff89d260000 - 0x00007ff89d295000 	C:\windows\system32\rsaenh.dll
0x00007ff89d930000 - 0x00007ff89d958000 	C:\windows\SYSTEM32\USERENV.dll
0x00007ff89dca0000 - 0x00007ff89dcc8000 	C:\windows\SYSTEM32\bcrypt.dll
0x00007ff89db00000 - 0x00007ff89db0c000 	C:\windows\SYSTEM32\CRYPTBASE.dll
0x00007ff896540000 - 0x00007ff896559000 	C:\windows\SYSTEM32\dhcpcsvc6.DLL
0x00007ff895ed0000 - 0x00007ff895eef000 	C:\windows\SYSTEM32\dhcpcsvc.DLL
0x00007ff883370000 - 0x00007ff883380000 	C:\Users\Freel\.p2\pool\plugins\org.eclipse.justj.openjdk.hotspot.jre.full.win32.x86_64_17.0.5.v20221102-0933\jre\bin\verify.dll
0x00007ff882c80000 - 0x00007ff882c8e000 	C:\Users\Freel\.p2\pool\plugins\org.eclipse.justj.openjdk.hotspot.jre.full.win32.x86_64_17.0.5.v20221102-0933\jre\bin\sunmscapi.dll
0x00007ff89e9a0000 - 0x00007ff89eb06000 	C:\windows\System32\CRYPT32.dll
0x00007ff89dc70000 - 0x00007ff89dc9e000 	C:\windows\SYSTEM32\ncrypt.dll
0x00007ff89dc30000 - 0x00007ff89dc67000 	C:\windows\SYSTEM32\NTASN1.dll

dbghelp: loaded successfully - version: 4.0.5 - missing functions: none
symbol engine: initialized successfully - sym options: 0x614 - pdb path: .;C:\Users\Freel\.p2\pool\plugins\org.eclipse.justj.openjdk.hotspot.jre.full.win32.x86_64_17.0.5.v20221102-0933\jre\bin;C:\windows\SYSTEM32;C:\windows\WinSxS\amd64_microsoft.windows.common-controls_6595b64144ccf1df_6.0.22621.608_none_a9444ca7c10bb01d;C:\Users\Freel\.p2\pool\plugins\org.eclipse.justj.openjdk.hotspot.jre.full.win32.x86_64_17.0.5.v20221102-0933\jre\bin\server;C:\Program Files\Bonjour

VM Arguments:
jvm_args: -Dcom.sun.management.jmxremote -Dcom.sun.management.jmxremote.port=61400 -Dcom.sun.management.jmxremote.authenticate=false -Dcom.sun.management.jmxremote.ssl=false -Djava.rmi.server.hostname=localhost -Dspring.jmx.enabled=true -Dmanagement.endpoints.jmx.exposure.include=* -Dspring.application.admin.enabled=true -XX:TieredStopAtLevel=1 -Dspring.boot.project.name=health_management_system -Dfile.encoding=UTF-8 -XX:+ShowCodeDetailsInExceptionMessages 
java_command: health.HealthManagementSystemApplication --spring.output.ansi.enabled=always
java_class_path (initial): C:\Users\Freel\DataStructuresFinal\health_management_system\target\classes;C:\Users\Freel\.m2\repository\org\springframework\boot\spring-boot-starter-thymeleaf\3.0.5\spring-boot-starter-thymeleaf-3.0.5.jar;C:\Users\Freel\.m2\repository\org\thymeleaf\thymeleaf-spring6\3.1.1.RELEASE\thymeleaf-spring6-3.1.1.RELEASE.jar;C:\Users\Freel\.m2\repository\org\thymeleaf\thymeleaf\3.1.1.RELEASE\thymeleaf-3.1.1.RELEASE.jar;C:\Users\Freel\.m2\repository\org\attoparser\attoparser\2.0.6.RELEASE\attoparser-2.0.6.RELEASE.jar;C:\Users\Freel\.m2\repository\org\unbescape\unbescape\1.1.6.RELEASE\unbescape-1.1.6.RELEASE.jar;C:\Users\Freel\.m2\repository\org\slf4j\slf4j-api\2.0.7\slf4j-api-2.0.7.jar;C:\Users\Freel\.m2\repository\org\springframework\boot\spring-boot-starter-web\3.0.5\spring-boot-starter-web-3.0.5.jar;C:\Users\Freel\.m2\repository\org\springframework\boot\spring-boot-starter-json\3.0.5\spring-boot-starter-json-3.0.5.jar;C:\Users\Freel\.m2\repository\com\fasterxml\jackson\core\jackson-databind\2.14.2\jackson-databind-2.14.2.jar;C:\Users\Freel\.m2\repository\com\fasterxml\jackson\core\jackson-annotations\2.14.2\jackson-annotations-2.14.2.jar;C:\Users\Freel\.m2\repository\com\fasterxml\jackson\core\jackson-core\2.14.2\jackson-core-2.14.2.jar;C:\Users\Freel\.m2\repository\com\fasterxml\jackson\datatype\jackson-datatype-jdk8\2.14.2\jackson-datatype-jdk8-2.14.2.jar;C:\Users\Freel\.m2\repository\com\fasterxml\jackson\datatype\jackson-datatype-jsr310\2.14.2\jackson-datatype-jsr310-2.14.2.jar;C:\Users\Freel\.m2\repository\com\fasterxml\jackson\module\jackson-module-parameter-names\2.14.2\jackson-module-parameter-names-2.14.2.jar;C:\Users\Freel\.m2\repository\org\springframework\boot\spring-boot-starter-tomcat\3.0.5\spring-boot-starter-tomcat-3.0.5.jar;C:\Users\Freel\.m2\repository\org\apache\tomcat\embed\tomcat-embed-core\10.1.7\tomcat-embed-core-10.1.7.jar;C:\Users\Freel\.m2\repository\org\apache\tomcat\embed\tomcat-embed-el\10.1.7\tomcat-embed-el-10.1.7
Launcher Type: SUN_STANDARD

[Global flags]
     intx CICompilerCount                          = 4                                         {product} {ergonomic}
     uint ConcGCThreads                            = 3                                         {product} {ergonomic}
     uint G1ConcRefinementThreads                  = 10                                        {product} {ergonomic}
   size_t G1HeapRegionSize                         = 1048576                                   {product} {ergonomic}
    uintx GCDrainStackTargetSize                   = 64                                        {product} {ergonomic}
   size_t InitialHeapSize                          = 123731968                                 {product} {ergonomic}
     bool ManagementServer                         = true                                      {product} {command line}
   size_t MarkStackSize                            = 4194304                                   {product} {ergonomic}
   size_t MaxHeapSize                              = 1962934272                                {product} {ergonomic}
   size_t MaxNewSize                               = 1177550848                                {product} {ergonomic}
   size_t MinHeapDeltaBytes                        = 1048576                                   {product} {ergonomic}
   size_t MinHeapSize                              = 8388608                                   {product} {ergonomic}
    uintx NonProfiledCodeHeapSize                  = 0                                      {pd product} {ergonomic}
     bool ProfileInterpreter                       = false                                  {pd product} {command line}
    uintx ProfiledCodeHeapSize                     = 0                                      {pd product} {ergonomic}
     bool ShowCodeDetailsInExceptionMessages       = true                                   {manageable} {command line}
   size_t SoftMaxHeapSize                          = 1962934272                             {manageable} {ergonomic}
     intx TieredStopAtLevel                        = 1                                         {product} {command line}
     bool UseCompressedClassPointers               = true                           {product lp64_product} {ergonomic}
     bool UseCompressedOops                        = true                           {product lp64_product} {ergonomic}
     bool UseG1GC                                  = true                                      {product} {ergonomic}
     bool UseLargePagesIndividualAllocation        = false                                  {pd product} {ergonomic}

Logging:
Log output configuration:
 #0: stdout all=warning uptime,level,tags
 #1: stderr all=off uptime,level,tags

Environment Variables:
JAVA_HOME=C:\Program Files (x86)\Java\jdk-19.0.2
PATH=C:/Users/Freel/.p2/pool/plugins/org.eclipse.justj.openjdk.hotspot.jre.full.win32.x86_64_19.0.1.v20221102-1007/jre/bin/server;C:/Users/Freel/.p2/pool/plugins/org.eclipse.justj.openjdk.hotspot.jre.full.win32.x86_64_19.0.1.v20221102-1007/jre/bin;C:\Program Files\Common Files\Oracle\Java\javapath;C:\windows\system32;C:\windows;C:\windows\System32\Wbem;C:\windows\System32\WindowsPowerShell\v1.0\;C:\windows\System32\OpenSSH\;C:\Program Files\Git\cmd;C:\Program Files\Git\mingw64\bin;C:\Program Files\Git\usr\bin;C:\Program Files\dotnet\;";C:\Program Files (x86)\Java\jdk-19.0.2\bin";C:\Program Files\MySQL\MySQL Shell 8.0\bin\;C:\Users\Freel\AppData\Local\Microsoft\WindowsApps;C:\Users\Freel\AppData\Local\Programs\Microsoft VS Code\bin;C:\Users\Freel\AppData\Local\GitHubDesktop\bin;C:\windows\system32;
USERNAME=Freel
OS=Windows_NT
PROCESSOR_IDENTIFIER=AMD64 Family 25 Model 80 Stepping 0, AuthenticAMD
TMP=C:\Users\Freel\AppData\Local\Temp
TEMP=C:\Users\Freel\AppData\Local\Temp



---------------  S Y S T E M  ---------------

OS:
 Windows 11 , 64 bit Build 22621 (10.0.22621.1485)
OS uptime: 13 days 8:03 hours
Hyper-V role detected

CPU: total 12 (initial active 12) (12 cores per cpu, 2 threads per core) family 25 model 80 stepping 0 microcode 0x0, cx8, cmov, fxsr, ht, mmx, 3dnowpref, sse, sse2, sse3, ssse3, sse4a, sse4.1, sse4.2, popcnt, lzcnt, tsc, tscinvbit, avx, avx2, aes, erms, clmul, bmi1, bmi2, adx, sha, fma, vzeroupper, clflush, clflushopt, hv

Memory: 4k page, system-wide physical 7487M (486M free)
TotalPageFile size 30015M (AvailPageFile size 0M)
current process WorkingSet (physical memory assigned to process): 191M, peak: 191M
current process commit charge ("private bytes"): 228M, peak: 228M

vm_info: OpenJDK 64-Bit Server VM (17.0.5+8) for windows-amd64 JRE (17.0.5+8), built on Oct 19 2022 04:48:13 by "temurin" with MS VC++ 16.7 (VS2019)

END.
